297
(('codechef', 'adeesh2411'), 8)
(('codechef', 'jeet98'), 5)
(('codechef', 'sunny_chand'), 4)
(('hackerrank', 'yeshasu555'), 3)
(('hackerrank', 'vaanisundu'), 3)
(('hackerrank', 'suryaravi_15'), 3)
(('hackerrank', 'stark_18'), 3)
(('hackerrank', 'satyam_s3'), 3)
(('hackerrank', 'sandya_sandy_s'), 3)
(('hackerrank', 'sandhya_soma'), 3)
(('hackerrank', 'rock99'), 3)
(('hackerrank', 'ramakrishnanram1'), 3)
(('hackerrank', 'rachanaaithal88'), 3)
(('hackerrank', 'princeap173'), 3)
(('hackerrank', 'prajwalgowda477'), 3)
(('hackerrank', 'parthvshah'), 3)
(('hackerrank', 'nikz03'), 3)
(('hackerrank', 'namanmolgargag'), 3)
(('hackerrank', 'monishreddy'), 3)
(('hackerrank', 'miriamjk_19'), 3)
(('hackerrank', 'midsterx'), 3)
(('hackerrank', 'mayankagarwal441'), 3)
(('hackerrank', 'kritika90mahi'), 3)
(('hackerrank', 'kedilayasangam01'), 3)
(('hackerrank', 'kavyavarma21'), 3)
(('hackerrank', 'k_siddharthm13'), 3)
(('hackerrank', 'hrishikeshSuresh'), 3)
(('hackerrank', 'hemanthsvs11'), 3)
(('hackerrank', 'dinecpandey'), 3)
(('hackerrank', 'darthbane'), 3)
(('hackerrank', 'chandanmanjunath'), 3)
(('hackerrank', 'blue_salami'), 3)
(('hackerrank', 'bilalshakil1443'), 3)
(('hackerrank', 'b_aro'), 3)
(('hackerrank', 'anish01123'), 3)
(('hackerrank', 'amruthkarnam'), 3)
(('hackerrank', 'ambarishambi7805'), 3)
(('hackerrank', 'alan1998jac'), 3)
(('hackerrank', 'adeesh999'), 3)
(('hackerrank', 'Ritik19'), 3)
(('hackerrank', 'NightHowler'), 3)
(('codechef', 'yes_u_suck'), 3)
(('codechef', 'tomkasetty'), 3)
(('codechef', 'shikamaru98'), 3)
(('codechef', 'lionblaze'), 3)
(('codechef', 'darkaether0x1'), 3)
(('codechef', 'bharatrajt'), 3)
(('hackerrank', 'zombie_kid'), 2)
(('hackerrank', 'waste_body'), 2)
(('hackerrank', 'vishruth1020'), 2)
(('hackerrank', 'vishalmkb'), 2)
(('hackerrank', 'varunaks18'), 2)
(('hackerrank', 'varshav0119'), 2)
(('hackerrank', 'tusharraj_1728'), 2)
(('hackerrank', 'sumairshariff98'), 2)
(('hackerrank', 'sriyasamptur'), 2)
(('hackerrank', 'somakmukherjee97'), 2)
(('hackerrank', 'sjeet'), 2)
(('hackerrank', 'siddharth_siya'), 2)
(('hackerrank', 'siamese_dream'), 2)
(('hackerrank', 'shruthigopinath2'), 2)
(('hackerrank', 'shivangig078'), 2)
(('hackerrank', 'shirishasrao'), 2)
(('hackerrank', 'shikamaru_code'), 2)
(('hackerrank', 'shashwatmishra11'), 2)
(('hackerrank', 'sahazeer123'), 2)
(('hackerrank', 'saahil98s'), 2)
(('hackerrank', 'ruthuvikas_28'), 2)
(('hackerrank', 'rohan_sharma1606'), 2)
(('hackerrank', 'ritabhashdas'), 2)
(('hackerrank', 'raithal98'), 2)
(('hackerrank', 'preetiagarwal131'), 2)
(('hackerrank', 'preethercules'), 2)
(('hackerrank', 'pksweetu1998'), 2)
(('hackerrank', 'pintoashika'), 2)
(('hackerrank', 'pallavim98'), 2)
(('hackerrank', 'nesararamaswamy'), 2)
(('hackerrank', 'mike_pinkman'), 2)
(('hackerrank', 'meghana_holla'), 2)
(('hackerrank', 'mayankrao16'), 2)
(('hackerrank', 'maditimanohar'), 2)
(('hackerrank', 'lolololololllll'), 2)
(('hackerrank', 'kvennela1998'), 2)
(('hackerrank', 'krishna_sidharth'), 2)
(('hackerrank', 'kishan239'), 2)
(('hackerrank', 'jkprerana'), 2)
(('hackerrank', 'jai_bhageria'), 2)
(('hackerrank', 'hkcc375'), 2)
(('hackerrank', 'hdeepika_deepu'), 2)
(('hackerrank', 'code__geek'), 2)
(('hackerrank', 'chirag_kavdia'), 2)
(('hackerrank', 'athindra1998'), 2)
(('hackerrank', 'atharverma'), 2)
(('hackerrank', 'akash_janardhan'), 2)
(('hackerrank', 'agarwal_radhika1'), 2)
(('hackerrank', 'adtsan15'), 2)
(('hackerrank', 'adityavenky97'), 2)
(('hackerrank', 'achintya97_shiv1'), 2)
(('hackerrank', 'aashu8698'), 2)
(('hackerrank', 'RakshithJk'), 2)
(('hackerrank', 'Rahul_K_R'), 2)
(('hackerrank', 'Jaydeep039'), 2)
(('hackerrank', 'CodeWarrior321'), 2)
(('hackerrank', 'Bruteforce98'), 2)
(('codechef', 'thusharkaranth'), 2)
(('codechef', 'sanjeevmsanju'), 2)
(('codechef', 'midsterx'), 2)
(('codechef', 'debanik'), 2)
(('codechef', 'anonymous_03'), 2)
(('codechef', 'ajeyabs'), 2)
(('hackerrank', 'ziyanzafar'), 1)
(('hackerrank', 'yuktikhosla'), 1)
(('hackerrank', 'yaminiagarwal09'), 1)
(('hackerrank', 'vvvs9898'), 1)
(('hackerrank', 'vish_xsport'), 1)
(('hackerrank', 'virajbukitagar'), 1)
(('hackerrank', 'vedabharath12345'), 1)
(('hackerrank', 'vbhargav875'), 1)
(('hackerrank', 'vanyaariku'), 1)
(('hackerrank', 'udupatanmaya'), 1)
(('hackerrank', 'tusharkaranth'), 1)
(('hackerrank', 'toganesha13'), 1)
(('hackerrank', 'theHonurable1'), 1)
(('hackerrank', 'theAlchemist398'), 1)
(('hackerrank', 'techstar99'), 1)
(('hackerrank', 'tanay_gangey'), 1)
(('hackerrank', 'suroliaharsh26'), 1)
(('hackerrank', 'sumukhsuresh7'), 1)
(('hackerrank', 'sumukh280'), 1)
(('hackerrank', 'sukanya31399'), 1)
(('hackerrank', 'sujeeth_anil'), 1)
(('hackerrank', 'ssbhat98'), 1)
(('hackerrank', 'srik8552'), 1)
(('hackerrank', 'spock_v_cthia'), 1)
(('hackerrank', 'sonamrathod888'), 1)
(('hackerrank', 'someoneyouknow'), 1)
(('hackerrank', 'solar99'), 1)
(('hackerrank', 'skj100'), 1)
(('hackerrank', 'siri181_lanka'), 1)
(('hackerrank', 'siddarthtv'), 1)
(('hackerrank', 'shrijan1003'), 1)
(('hackerrank', 'shivangmishra201'), 1)
(('hackerrank', 'shankaranarayan2'), 1)
(('hackerrank', 'shambu_nandish3'), 1)
(('hackerrank', 'shalinisaiprasad'), 1)
(('hackerrank', 'shaazinsheikh'), 1)
(('hackerrank', 'schandrashekar98'), 1)
(('hackerrank', 'sanjay_ka'), 1)
(('hackerrank', 'sanjanamoudgalya'), 1)
(('hackerrank', 'sanath21799'), 1)
(('hackerrank', 'samarthm241020'), 1)
(('hackerrank', 'salonigovil04'), 1)
(('hackerrank', 'saisrikark'), 1)
(('hackerrank', 'sai102030amara'), 1)
(('hackerrank', 'rukku6968'), 1)
(('hackerrank', 'rohanbs98'), 1)
(('hackerrank', 'rhiyaramesh'), 1)
(('hackerrank', 'ravichandrakg999'), 1)
(('hackerrank', 'raksharuby'), 1)
(('hackerrank', 'rahulraman1604'), 1)
(('hackerrank', 'raghavendrakuma2'), 1)
(('hackerrank', 'rachnadani_rd'), 1)
(('hackerrank', 'r_v_prithvi'), 1)
(('hackerrank', 'psashwin1998'), 1)
(('hackerrank', 'priya_98'), 1)
(('hackerrank', 'preethishchandra'), 1)
(('hackerrank', 'prajwalpothalkar'), 1)
(('hackerrank', 'pragya0698'), 1)
(('hackerrank', 'pragnya1998'), 1)
(('hackerrank', 'pp899_14'), 1)
(('hackerrank', 'pogchampoo24'), 1)
(('hackerrank', 'pavanpower700'), 1)
(('hackerrank', 'parshva_18'), 1)
(('hackerrank', 'nkantharvan'), 1)
(('hackerrank', 'nayakpriya98'), 1)
(('hackerrank', 'navneetraju66'), 1)
(('hackerrank', 'nandakrishna75'), 1)
(('hackerrank', 'nachiketh720'), 1)
(('hackerrank', 'mvschiranjeevi'), 1)
(('hackerrank', 'muhdusman98'), 1)
(('hackerrank', 'mohitxbox'), 1)
(('hackerrank', 'mohitkumary1997'), 1)
(('hackerrank', 'midsterxy'), 1)
(('hackerrank', 'mehul_0005'), 1)
(('hackerrank', 'mbbs4461'), 1)
(('hackerrank', 'manumbhat09'), 1)
(('hackerrank', 'manasajagadeesh1'), 1)
(('hackerrank', 'mahendar123'), 1)
(('hackerrank', 'lalit16_gattani'), 1)
(('hackerrank', 'ksatyam84'), 1)
(('hackerrank', 'krishnam3103'), 1)
(('hackerrank', 'krishnadkhurana'), 1)
(('hackerrank', 'kolurlakshana'), 1)
(('hackerrank', 'kasuraj98'), 1)
(('hackerrank', 'kasamsetty_adit1'), 1)
(('hackerrank', 'karthik_murali'), 1)
(('hackerrank', 'kamath_pratheek'), 1)
(('hackerrank', 'k_kumar'), 1)
(('hackerrank', 'jayapriyashreyas'), 1)
(('hackerrank', 'jakhil'), 1)
(('hackerrank', 'itachi_28'), 1)
(('hackerrank', 'ishita_bhandari1'), 1)
(('hackerrank', 'ishaanlagwankar'), 1)
(('hackerrank', 'iroshan1998'), 1)
(('hackerrank', 'hk1311'), 1)
(('hackerrank', 'hemanthhemuisnow'), 1)
(('hackerrank', 'helloworld191'), 1)
(('hackerrank', 'hegdeabhinav7'), 1)
(('hackerrank', 'gauravsangappa'), 1)
(('hackerrank', 'email_nilay13'), 1)
(('hackerrank', 'dweepa_prasad'), 1)
(('hackerrank', 'dravid270'), 1)
(('hackerrank', 'diyasateesh96'), 1)
(('hackerrank', 'dgsk_suhaas'), 1)
(('hackerrank', 'deekusmile16'), 1)
(('hackerrank', 'darshanaupadhya1'), 1)
(('hackerrank', 'codingislyf'), 1)
(('hackerrank', 'code1801'), 1)
(('hackerrank', 'choudhary_harsh6'), 1)
(('hackerrank', 'chirag_100'), 1)
(('hackerrank', 'chandrashekaras1'), 1)
(('hackerrank', 'chaitrahp99'), 1)
(('hackerrank', 'bhav_06'), 1)
(('hackerrank', 'bhatia_simran201'), 1)
(('hackerrank', 'bang_bang2020'), 1)
(('hackerrank', 'aveek0'), 1)
(('hackerrank', 'athulsandosh99'), 1)
(('hackerrank', 'athkm'), 1)
(('hackerrank', 'ashsharan98'), 1)
(('hackerrank', 'ashish_singh97'), 1)
(('hackerrank', 'arindaamdhanush'), 1)
(('hackerrank', 'aprameya_bharad1'), 1)
(('hackerrank', 'anvitha_poosarla'), 1)
(('hackerrank', 'anmolaeron'), 1)
(('hackerrank', 'anjana_keshav_d1'), 1)
(('hackerrank', 'aniketnk'), 1)
(('hackerrank', 'an_addict'), 1)
(('hackerrank', 'akshata_lakshmi'), 1)
(('hackerrank', 'akhiljay99'), 1)
(('hackerrank', 'ajeyabs'), 1)
(('hackerrank', 'abijnarao'), 1)
(('hackerrank', 'abhishikta_sai21'), 1)
(('hackerrank', 'abhinavbohara'), 1)
(('hackerrank', 'aayu_sanghi'), 1)
(('hackerrank', 'a_p_s_77abhay'), 1)
(('hackerrank', '_wasd_'), 1)
(('hackerrank', 'TechKnight'), 1)
(('hackerrank', 'Tarun_T1rs'), 1)
(('hackerrank', 'Swapneel01'), 1)
(('hackerrank', 'SatyamLal'), 1)
(('hackerrank', 'Raidriar'), 1)
(('hackerrank', 'Nehamohan1018'), 1)
(('hackerrank', 'JainKartikeya_99'), 1)
(('hackerrank', 'IamMayankThakur'), 1)
(('hackerrank', 'Hitman25'), 1)
(('hackerrank', 'Deekshith_G'), 1)
(('hackerrank', 'Coder1_'), 1)
(('hackerrank', 'B_11011'), 1)
(('hackerrank', 'Adhyaksha15'), 1)
(('hackerrank', 'AMOGHAKUMAR'), 1)
(('hackerrank', '45vikram33'), 1)
(('hackerrank', '2016A7PS0087G'), 1)
(('codechef', 'yukti09'), 1)
(('codechef', 'vishalk1'), 1)
(('codechef', 'vikramg484'), 1)
(('codechef', 'varunranga1997'), 1)
(('codechef', 'thisbetterwork'), 1)
(('codechef', 'teco12'), 1)
(('codechef', 't_rex_'), 1)
(('codechef', 'shreyas_bs'), 1)
(('codechef', 'sanjay1515'), 1)
(('codechef', 'rohan2546'), 1)
(('codechef', 'rananth99'), 1)
(('codechef', 'rahul180899'), 1)
(('codechef', 'purav18'), 1)
(('codechef', 'popeyedsailor'), 1)
(('codechef', 'nubcoder12345'), 1)
(('codechef', 'manu_04'), 1)
(('codechef', 'lucky1632'), 1)
(('codechef', 'hemanthsvs2798'), 1)
(('codechef', 'hemanthsvs27'), 1)
(('codechef', 'heisenberg7319'), 1)
(('codechef', 'harish_26'), 1)
(('codechef', 'hari247'), 1)
(('codechef', 'gauravcg492'), 1)
(('codechef', 'dainty_caddy'), 1)
(('codechef', 'c0de1'), 1)
(('codechef', 'bitwise_and'), 1)
(('codechef', 'aviraljoshi'), 1)
(('codechef', 'anonymous0_3'), 1)
(('codechef', 'ankur_pes'), 1)
(('codechef', 'ankit_ar'), 1)
(('codechef', 'akhilkh2000'), 1)
(('codechef', 'akashsuresh3'), 1)
(('codechef', 'ajeya_bhat'), 1)
(('codechef', 'abhinav31'), 1)
(('codechef', 'abde17'), 1)
