100
(('codechef', 'jeet98'), 4)
(('codechef', 'darkaether0x1'), 3)
(('codechef', 'adeesh2411'), 3)
(('codechef', 'nandakrishna75'), 2)
(('codechef', 'sunny_chand'), 2)
(('codechef', 'agarwal_mayank'), 2)
(('codechef', 'souravtecken'), 2)
(('codechef', 'sahazeer123'), 2)
(('codechef', 'aditya_2443'), 2)
(('codechef', 'yes_u_suck'), 2)
(('codechef', 'prince_jha'), 2)
(('codechef', 'vaani6798'), 2)
(('codechef', 'palmish'), 2)
(('codechef', 'anonymous_03'), 2)
(('codechef', 'aryarajiv'), 2)
(('codechef', 'ketan35'), 2)
(('codechef', 'shreyas008'), 2)
(('codechef', 'akhil_j2'), 2)
(('codechef', 'ritwiksinha'), 1)
(('codechef', 'varunranga1997'), 1)
(('codechef', 'richaaa_99'), 1)
(('codechef', 'disza'), 1)
(('codechef', 'saksham_808'), 1)
(('codechef', 'gowtham_12'), 1)
(('codechef', 'nk45'), 1)
(('codechef', 'asinghania71'), 1)
(('codechef', 'rahulrnr'), 1)
(('codechef', 'sinha_abhi98'), 1)
(('codechef', 'tomkasetty'), 1)
(('codechef', 'popeyedsailor'), 1)
(('codechef', 'rahul180899'), 1)
(('codechef', 'apurvabanka'), 1)
(('codechef', 'punisher_07'), 1)
(('codechef', 'manu_04'), 1)
(('codechef', 'vishwassathish'), 1)
(('codechef', 'namanmol'), 1)
(('codechef', 'aakulkar'), 1)
(('codechef', 'rohan2546'), 1)
(('codechef', 'chandan_m'), 1)
(('codechef', 'jai_agarwal'), 1)
(('codechef', 'hitman2512'), 1)
(('codechef', 'singh_ashish97'), 1)
(('codechef', 'kapoor13'), 1)
(('codechef', 'm_vijay'), 1)
(('codechef', 'pradeep_a'), 1)
(('codechef', 'aryanayush'), 1)
(('codechef', 'dj__'), 1)
(('codechef', 'sparsh_temani'), 1)
(('codechef', 'anish2307'), 1)
(('codechef', 'abhinav31'), 1)
(('codechef', 'sanjayc1999'), 1)
(('codechef', 'purav18'), 1)
(('codechef', 'sanjeevmsanju'), 1)
(('codechef', 'akash_j'), 1)
(('codechef', 'gauravcg492'), 1)
(('codechef', 'rithvik_chan'), 1)
(('codechef', 'krishdkhurana'), 1)
(('codechef', 'sanjay_1998'), 1)
(('codechef', 'rithvik_k'), 1)
(('codechef', 'anonymous0_3'), 1)
(('codechef', 'abhi4522'), 1)
(('codechef', 'xorsys'), 1)
(('codechef', 'sarvesh_kedia'), 1)
(('codechef', 't_rex_'), 1)
(('codechef', 'suraj_ara'), 1)
(('codechef', 'indraneel1'), 1)
(('codechef', 'ambi7805'), 1)
(('codechef', 'shruthi210'), 1)
(('codechef', 'astrix19'), 1)
(('codechef', 'rahul_kudva'), 1)
(('codechef', 'avibansal3'), 1)
(('codechef', 'mehuljain0207'), 1)
(('codechef', 'mbbs_4461'), 1)
(('codechef', 'nehamohan1018'), 1)
(('codechef', 'vrap'), 1)
(('codechef', 'rohan_7_m'), 1)
(('codechef', 'mehulz'), 1)
(('codechef', 'pranav6799'), 1)
(('codechef', 'hemanthsvs2798'), 1)
(('codechef', 'lionblaze'), 1)
(('codechef', 'hemanthsvs27'), 1)
(('codechef', 'sandyasivakr'), 1)
(('codechef', 'nesara138'), 1)
(('codechef', 'coolankit95'), 1)
(('codechef', 'abhi_sassy'), 1)
(('codechef', 'nubcoder12345'), 1)
(('codechef', 'smokey'), 1)
(('codechef', 'aayu_sanghi'), 1)
(('codechef', 'suhaask'), 1)
(('codechef', 'vishalk1'), 1)
(('codechef', 'bhuttu'), 1)
(('codechef', 'chirag_tubakad'), 1)
(('codechef', 'debanik'), 1)
(('codechef', 'siddarthtv'), 1)
(('codechef', 'excal2152'), 1)
(('codechef', 'achintya_345'), 1)
(('codechef', 'vikramg484'), 1)
(('codechef', 'ash110'), 1)
(('codechef', 'vjbhargav'), 1)
(('codechef', 'harish_26'), 1)
